<?xml version="1.0" encoding="UTF-8"?>
<!-- Generated by org.testng.reporters.JUnitReportReporter -->
<testsuite hostname="MLLAB01" failures="0" tests="5" name="cse.UserValidationTest" time="0.007" errors="0" timestamp="2023-10-26T15:51:42 IST" skipped="0">
  <testcase classname="cse.UserValidationTest" name="testCase2" time="0.000"/>
  <testcase classname="cse.UserValidationTest" name="testCase1" time="0.007"/>
  <testcase classname="cse.UserValidationTest" name="testCase5" time="0.000"/>
  <testcase classname="cse.UserValidationTest" name="testCase4" time="0.000"/>
  <testcase classname="cse.UserValidationTest" name="testCase3" time="0.000"/>
</testsuite> <!-- cse.UserValidationTest -->
